<?xml version="1.0" encoding="UTF-8"?>
<!-- Generated by org.testng.reporters.JUnitReportReporter -->
<testsuite hostname="DESKTOP-RUFV2IP" name="lesson1.IdXpathDemo" tests="1" failures="0" timestamp="2 Sep 2019 05:14:27 GMT" time="8.601" errors="0">
  <testcase name="sampleTest" time="8.601" classname="lesson1.IdXpathDemo"/>
</testsuite> <!-- lesson1.IdXpathDemo -->
